No running instances for "/etc/xdg/quickshell/noctalia-shell/shell.qml"
Dead instances:
 - 5317xucbt
 - t6c890jdbt
 - 7jc8j0jdbt
[32m  INFO[0m: Launching config: "/etc/xdg/quickshell/noctalia-shell/shell.qml"
[32m  INFO[0m: Shell ID: "271772659c0a416a1568f9aff43a625e" Path ID "271772659c0a416a1568f9aff43a625e"
[32m  INFO[0m: Saving logs to "/run/user/1000/quickshell/by-id/pbd8x1jdbt/log.qslog"
[32m  INFO[97m qml[0m: [36m[20260304-190823][0m [35m   NiriService[0m Service started
[32m  INFO[97m qml[0m: [36m[20260304-190823][0m [35m          I18n[0m Service started
[32m  INFO[97m qml[0m: [36m[20260304-190823][0m [35m          I18n[0m Loading "en" (locale: "en-Latn-US")
[32m  INFO[97m qml[0m: [36m[20260304-190823][0m [35m         Shell[0m ---------------------------
[32m  INFO[97m qml[0m: [36m[20260304-190823][0m [35m         Shell[0m Noctalia Hello!
[32m  INFO[0m: Configuration Loaded
[32m  INFO[97m qml[0m: [36m[20260304-190823][0m [35m      Settings[0m Settings loaded
[32m  INFO[97m qml[0m: [36m[20260304-190823][0m [35m      Settings[0m adapter.settingsVersion: 54
[32m  INFO[97m qml[0m: [36m[20260304-190823][0m [35m          I18n[0m Loaded translations for "en"
[32m  INFO[97m qml[0m: [36m[20260304-190823][0m [35mPluginRegistry[0m Loaded plugin states from: /home/bolt/.config/noctalia/plugins.json
[32m  INFO[97m qml[0m: [36m[20260304-190823][0m [35mPluginRegistry[0m Scanning plugin folder: /home/bolt/.config/noctalia/plugins
[32m  INFO[97m qml[0m: [36m[20260304-190823][0m [35mKeyboardLayout[0m Service started
[32m  INFO[97m qml[0m: [36m[20260304-190823][0m [35m         Icons[0m Service started
[32m  INFO[97m qml[0m: [36m[20260304-190823][0m [35m    Brightness[0m Service started
[32m  INFO[97m qml[0m: [36m[20260304-190823][0m [35mDesktopWidgetR[0m Service started
[32m  INFO[97m qml[0m: [36m[20260304-190823][0m [35m    BarService[0m Service started
[32m  INFO[97m qml[0m: [36m[20260304-190823][0m [35m       Network[0m Service started
[32m  INFO[97m qml[0m: [36m[20260304-190823][0m [35m    SystemStat[0m Service started (polling deferred until a consumer registers).
[32m  INFO[97m qml[0m: [36m[20260304-190823][0m [35m         Shell[0m ---------------------------
[32m  INFO[97m qml[0m: [36m[20260304-190823][0m [35m     Wallpaper[0m Service started
[32m  INFO[97m qml[0m: [36m[20260304-190823][0m [35m    ImageCache[0m Service started
[32m  INFO[97m qml[0m: [36m[20260304-190823][0m [35mAppThemeServic[0m Service started
[32m  INFO[97m qml[0m: [36m[20260304-190823][0m [35m   ColorScheme[0m Service started
[32m  INFO[97m qml[0m: [36m[20260304-190823][0m [35mDarkModeServic[0m Service started
[33m  WARN[97m qt.qpa.services[0m: Failed to register with host portal QDBusError("org.freedesktop.portal.Error.Failed", "Could not register app ID: Connection already associated with an application ID")
[32m  INFO[97m qml[0m: [36m[20260304-190823][0m [35m     Wallpaper[0m Starting scan for eDP-1 in /home/bolt/Pictures/Wallpapers recursive: false
[32m  INFO[97m qml[0m: [36m[20260304-190823][0m [35m      Location[0m Service started
[32m  INFO[97m qml[0m: [36m[20260304-190823][0m [35m  HooksService[0m Service started
[32m  INFO[97m qml[0m: [36m[20260304-190823][0m [35m     Bluetooth[0m Service started
[32m  INFO[97m qml[0m: [36m[20260304-190823][0m [35m IdleInhibitor[0m Service started
[32m  INFO[97m qml[0m: [36m[20260304-190823][0m [35m   IdleService[0m Service started
[32m  INFO[97m qml[0m: [36m[20260304-190823][0m [35m   HostService[0m Service started
[32m  INFO[97m qml[0m: [36m[20260304-190823][0m [35m        GitHub[0m Service started
[32m  INFO[97m qml[0m: [36m[20260304-190823][0m [35m     Supporter[0m Service started
[32m  INFO[97m qml[0m: [36m[20260304-190823][0m [35mCustomButtonIP[0m Service started
[32m  INFO[97m qml[0m: [36m[20260304-190823][0m [35m    IPCService[0m Service started
[32m  INFO[97m qml[0m: [36m[20260304-190823][0m [35m      Location[0m Coordinates ready
[32m  INFO[97m qml[0m: [36m[20260304-190823][0m [35m   HostService[0m Detected CachyOS
[32m  INFO[97m qml[0m: [36m[20260304-190823][0m [35m   HostService[0m Looking for logo icon: cachyos
[32m  INFO[97m qml[0m: [36m[20260304-190823][0m [35m        GitHub[0m Checking cache - timestamp: 1772626043 now: 1772626103 age: 1 minutes
[32m  INFO[97m qml[0m: [36m[20260304-190823][0m [35m        GitHub[0m Cache is fresh, using cached data (age: 1 minutes)
[32m  INFO[97m qml[0m: [36m[20260304-190823][0m [35m     Supporter[0m Cache is fresh, using cached data
[32m  INFO[97m qml[0m: [36m[20260304-190823][0m [35mPluginRegistry[0m Loaded plugin: agent-quota - Agent Quota
[32m  INFO[97m qml[0m: [36m[20260304-190823][0m [35mPluginRegistry[0m Loaded plugin: tailscale - Tailscale
[32m  INFO[97m qml[0m: [36m[20260304-190823][0m [35mPluginRegistry[0m All plugin manifests loaded. Total plugins: 2
[32m  INFO[97m qml[0m: [36m[20260304-190823][0m [35m PluginService[0m Initializing plugin system
[32m  INFO[97m qml[0m: [36m[20260304-190823][0m [35m PluginService[0m Found 2 enabled plugins: ["agent-quota","tailscale"]
[32m  INFO[97m qml[0m: [36m[20260304-190823][0m [35m PluginService[0m Loading plugin: agent-quota
[32m  INFO[97m qml[0m: [36m[20260304-190823][0m [35m PluginService[0m Loading plugin: tailscale
[32m  INFO[97m qml[0m: [36m[20260304-190823][0m [35m    ImageCache[0m ImageMagick available
[33m  WARN[97m qml[0m: [36m[20260304-190823][0m [35m     Wallpaper[0m Scan failed for eDP-1 exit code: 1 (directory might not exist)
[32m  INFO[97m qml[0m: [36m[20260304-190823][0m [35m   HostService[0m resolved hostname cachy
[32m  INFO[97m qml[0m: [36m[20260304-190823][0m [35m   HostService[0m resolved real name bolt
[32m  INFO[97m qml[0m: [36m[20260304-190823][0m [35m   ColorScheme[0m Applying color scheme: Ayu
[32m  INFO[97m qml[0m: [36m[20260304-190823][0m [35m    AgentQuota[0m Loaded cached usage data
[32m  INFO[97m qml[0m: [36m[20260304-190823][0m [35m    AgentQuota[0m Plugin main loaded
[32m  INFO[97m qml[0m: [36m[20260304-190823][0m [35m    AgentQuota[0m Loaded cached usage data
[32m  INFO[97m qml[0m: [36m[20260304-190823][0m [35m PluginService[0m Loaded Main.qml for plugin: agent-quota
[32m  INFO[97m qml[0m: [36m[20260304-190823][0m [35mBarWidgetRegis[0m Registered plugin widget: plugin:agent-quota
[32m  INFO[97m qml[0m: [36m[20260304-190823][0m [35m PluginService[0m Loaded bar widget for plugin: agent-quota
[32m  INFO[97m qml[0m: [36m[20260304-190823][0m [35m PluginService[0m Plugin loaded: agent-quota
[32m  INFO[97m qml[0m: [36m[20260304-190823][0m [35m PluginService[0m Loaded Main.qml for plugin: tailscale
[32m  INFO[97m qml[0m: [36m[20260304-190823][0m [35mBarWidgetRegis[0m Registered plugin widget: plugin:tailscale
[32m  INFO[97m qml[0m: [36m[20260304-190823][0m [35m PluginService[0m Loaded bar widget for plugin: tailscale
[32m  INFO[97m qml[0m: [36m[20260304-190823][0m [35m PluginService[0m Plugin loaded: tailscale
[32m  INFO[97m qml[0m: [36m[20260304-190823][0m [35m PluginService[0m All plugins loaded
[32m  INFO[97m qml[0m: [36m[20260304-190823][0m [35m PluginService[0m Refreshing available plugins
[32m  INFO[97m qml[0m: [36m[20260304-190823][0m [35m    SystemStat[0m Found k10temp CPU thermal sensor at /sys/class/hwmon/hwmon6
[31m ERROR[97m qml[0m: [36m[20260304-190824][0m [35m PluginService[0m Empty response from Noctalia Plugins
[32m  INFO[97m qml[0m: [36m[20260304-190825][0m [35m          Font[0m Service started
[32m  INFO[97m qml[0m: [36m[20260304-190825][0m [35m UpdateService[0m Version: v4.6.1
[32m  INFO[97m qml[0m: [36m[20260304-190825][0m [35m          Font[0m Loaded 682 fonts, 34 monospace
[32m  INFO[97m qml[0m: [36m[20260304-190830][0m [35mPluginPanelSlo[0m Loading panel for plugin: agent-quota in slot 1
[32m  INFO[97m qml[0m: [36m[20260304-190830][0m [35mPluginPanelSlo[0m Panel loaded for: agent-quota
[33m  WARN[97m scene[0m: file:///home/bolt/.config/noctalia/plugins/agent-quota/Panel.qml?v=0[319:41]: Unable to assign [undefined] to bool
[33m  WARN[97m scene[0m: file:///home/bolt/.config/noctalia/plugins/agent-quota/Panel.qml?v=0[467:41]: Unable to assign [undefined] to bool
[33m  WARN[97m scene[0m: file:///home/bolt/.config/noctalia/plugins/agent-quota/Panel.qml?v=0[477:37]: Unable to assign [undefined] to bool
[33m  WARN[97m scene[0m: file:///home/bolt/.config/noctalia/plugins/agent-quota/Panel.qml?v=0[319:41]: Unable to assign [undefined] to bool
[33m  WARN[97m scene[0m: file:///home/bolt/.config/noctalia/plugins/agent-quota/Panel.qml?v=0[467:41]: Unable to assign [undefined] to bool
[33m  WARN[97m scene[0m: file:///home/bolt/.config/noctalia/plugins/agent-quota/Panel.qml?v=0[477:37]: Unable to assign [undefined] to bool
[33m  WARN[97m scene[0m: file:///home/bolt/.config/noctalia/plugins/agent-quota/Panel.qml?v=0[574:41]: Unable to assign [undefined] to bool
[33m  WARN[97m scene[0m: file:///home/bolt/.config/noctalia/plugins/agent-quota/Panel.qml?v=0[637:41]: Unable to assign [undefined] to bool
[33m  WARN[97m scene[0m: file:///home/bolt/.config/noctalia/plugins/agent-quota/Panel.qml?v=0[574:41]: Unable to assign [undefined] to bool
[33m  WARN[97m scene[0m: file:///home/bolt/.config/noctalia/plugins/agent-quota/Panel.qml?v=0[637:41]: Unable to assign [undefined] to bool
[33m  WARN[97m scene[0m: file:///home/bolt/.config/noctalia/plugins/agent-quota/Panel.qml?v=0[574:41]: Unable to assign [undefined] to bool
[33m  WARN[97m scene[0m: file:///home/bolt/.config/noctalia/plugins/agent-quota/Panel.qml?v=0[637:41]: Unable to assign [undefined] to bool
[33m  WARN[97m scene[0m: file:///home/bolt/.config/noctalia/plugins/agent-quota/Panel.qml?v=0[319:41]: Unable to assign [undefined] to bool
[33m  WARN[97m scene[0m: file:///home/bolt/.config/noctalia/plugins/agent-quota/Panel.qml?v=0[467:41]: Unable to assign [undefined] to bool
[33m  WARN[97m scene[0m: file:///home/bolt/.config/noctalia/plugins/agent-quota/Panel.qml?v=0[477:37]: Unable to assign [undefined] to bool
[33m  WARN[97m scene[0m: file:///home/bolt/.config/noctalia/plugins/agent-quota/Panel.qml?v=0[467:41]: Unable to assign [undefined] to bool
[33m  WARN[97m scene[0m: file:///home/bolt/.config/noctalia/plugins/agent-quota/Panel.qml?v=0[477:37]: Unable to assign [undefined] to bool
[32m  INFO[97m qml[0m: [36m[20260304-190854][0m [35m  SoundService[0m QtMultimedia found - sound playback enabled
[32m  INFO[97m qml[0m: [36m[20260304-191640][0m [35mPluginPanelSlo[0m Loading panel for plugin: agent-quota in slot 1
[32m  INFO[97m qml[0m: [36m[20260304-191640][0m [35mPluginPanelSlo[0m Panel loaded for: agent-quota
[33m  WARN[97m scene[0m: file:///home/bolt/.config/noctalia/plugins/agent-quota/Panel.qml?v=0[467:41]: Unable to assign [undefined] to bool
[33m  WARN[97m scene[0m: file:///home/bolt/.config/noctalia/plugins/agent-quota/Panel.qml?v=0[477:37]: Unable to assign [undefined] to bool
[33m  WARN[97m scene[0m: file:///home/bolt/.config/noctalia/plugins/agent-quota/Panel.qml?v=0[319:41]: Unable to assign [undefined] to bool
[33m  WARN[97m scene[0m: file:///home/bolt/.config/noctalia/plugins/agent-quota/Panel.qml?v=0[467:41]: Unable to assign [undefined] to bool
[33m  WARN[97m scene[0m: file:///home/bolt/.config/noctalia/plugins/agent-quota/Panel.qml?v=0[477:37]: Unable to assign [undefined] to bool
[33m  WARN[97m scene[0m: file:///home/bolt/.config/noctalia/plugins/agent-quota/Panel.qml?v=0[574:41]: Unable to assign [undefined] to bool
[33m  WARN[97m scene[0m: file:///home/bolt/.config/noctalia/plugins/agent-quota/Panel.qml?v=0[637:41]: Unable to assign [undefined] to bool
[33m  WARN[97m scene[0m: file:///home/bolt/.config/noctalia/plugins/agent-quota/Panel.qml?v=0[319:41]: Unable to assign [undefined] to bool
[33m  WARN[97m scene[0m: file:///home/bolt/.config/noctalia/plugins/agent-quota/Panel.qml?v=0[467:41]: Unable to assign [undefined] to bool
[33m  WARN[97m scene[0m: file:///home/bolt/.config/noctalia/plugins/agent-quota/Panel.qml?v=0[477:37]: Unable to assign [undefined] to bool
[33m  WARN[97m scene[0m: file:///home/bolt/.config/noctalia/plugins/agent-quota/Panel.qml?v=0[467:41]: Unable to assign [undefined] to bool
[33m  WARN[97m scene[0m: file:///home/bolt/.config/noctalia/plugins/agent-quota/Panel.qml?v=0[477:37]: Unable to assign [undefined] to bool
[32m  INFO[97m qml[0m: [36m[20260304-192929][0m [35mPluginPanelSlo[0m Loading panel for plugin: agent-quota in slot 1
[32m  INFO[97m qml[0m: [36m[20260304-192929][0m [35mPluginPanelSlo[0m Panel loaded for: agent-quota
[33m  WARN[97m scene[0m: file:///home/bolt/.config/noctalia/plugins/agent-quota/Panel.qml?v=0[467:41]: Unable to assign [undefined] to bool
[33m  WARN[97m scene[0m: file:///home/bolt/.config/noctalia/plugins/agent-quota/Panel.qml?v=0[477:37]: Unable to assign [undefined] to bool
[33m  WARN[97m scene[0m: file:///home/bolt/.config/noctalia/plugins/agent-quota/Panel.qml?v=0[319:41]: Unable to assign [undefined] to bool
[33m  WARN[97m scene[0m: file:///home/bolt/.config/noctalia/plugins/agent-quota/Panel.qml?v=0[467:41]: Unable to assign [undefined] to bool
[33m  WARN[97m scene[0m: file:///home/bolt/.config/noctalia/plugins/agent-quota/Panel.qml?v=0[477:37]: Unable to assign [undefined] to bool
[33m  WARN[97m scene[0m: file:///home/bolt/.config/noctalia/plugins/agent-quota/Panel.qml?v=0[574:41]: Unable to assign [undefined] to bool
[33m  WARN[97m scene[0m: file:///home/bolt/.config/noctalia/plugins/agent-quota/Panel.qml?v=0[637:41]: Unable to assign [undefined] to bool
[33m  WARN[97m scene[0m: file:///home/bolt/.config/noctalia/plugins/agent-quota/Panel.qml?v=0[319:41]: Unable to assign [undefined] to bool
[33m  WARN[97m scene[0m: file:///home/bolt/.config/noctalia/plugins/agent-quota/Panel.qml?v=0[467:41]: Unable to assign [undefined] to bool
[33m  WARN[97m scene[0m: file:///home/bolt/.config/noctalia/plugins/agent-quota/Panel.qml?v=0[477:37]: Unable to assign [undefined] to bool
[33m  WARN[97m scene[0m: file:///home/bolt/.config/noctalia/plugins/agent-quota/Panel.qml?v=0[467:41]: Unable to assign [undefined] to bool
[33m  WARN[97m scene[0m: file:///home/bolt/.config/noctalia/plugins/agent-quota/Panel.qml?v=0[477:37]: Unable to assign [undefined] to bool
[32m  INFO[97m qml[0m: [36m[20260304-192933][0m [35mPluginPanelSlo[0m Loading panel for plugin: agent-quota in slot 1
[32m  INFO[97m qml[0m: [36m[20260304-192933][0m [35mPluginPanelSlo[0m Panel loaded for: agent-quota
[33m  WARN[97m scene[0m: file:///home/bolt/.config/noctalia/plugins/agent-quota/Panel.qml?v=0[467:41]: Unable to assign [undefined] to bool
[33m  WARN[97m scene[0m: file:///home/bolt/.config/noctalia/plugins/agent-quota/Panel.qml?v=0[477:37]: Unable to assign [undefined] to bool
[33m  WARN[97m scene[0m: file:///home/bolt/.config/noctalia/plugins/agent-quota/Panel.qml?v=0[319:41]: Unable to assign [undefined] to bool
[33m  WARN[97m scene[0m: file:///home/bolt/.config/noctalia/plugins/agent-quota/Panel.qml?v=0[467:41]: Unable to assign [undefined] to bool
[33m  WARN[97m scene[0m: file:///home/bolt/.config/noctalia/plugins/agent-quota/Panel.qml?v=0[477:37]: Unable to assign [undefined] to bool
[33m  WARN[97m scene[0m: file:///home/bolt/.config/noctalia/plugins/agent-quota/Panel.qml?v=0[574:41]: Unable to assign [undefined] to bool
[33m  WARN[97m scene[0m: file:///home/bolt/.config/noctalia/plugins/agent-quota/Panel.qml?v=0[637:41]: Unable to assign [undefined] to bool
[33m  WARN[97m scene[0m: file:///home/bolt/.config/noctalia/plugins/agent-quota/Panel.qml?v=0[319:41]: Unable to assign [undefined] to bool
[33m  WARN[97m scene[0m: file:///home/bolt/.config/noctalia/plugins/agent-quota/Panel.qml?v=0[467:41]: Unable to assign [undefined] to bool
[33m  WARN[97m scene[0m: file:///home/bolt/.config/noctalia/plugins/agent-quota/Panel.qml?v=0[477:37]: Unable to assign [undefined] to bool
[33m  WARN[97m scene[0m: file:///home/bolt/.config/noctalia/plugins/agent-quota/Panel.qml?v=0[467:41]: Unable to assign [undefined] to bool
[33m  WARN[97m scene[0m: file:///home/bolt/.config/noctalia/plugins/agent-quota/Panel.qml?v=0[477:37]: Unable to assign [undefined] to bool
[32m  INFO[97m qml[0m: [36m[20260304-193406][0m [35mPluginPanelSlo[0m Loading panel for plugin: agent-quota in slot 1
[32m  INFO[97m qml[0m: [36m[20260304-193407][0m [35mPluginPanelSlo[0m Panel loaded for: agent-quota
[33m  WARN[97m scene[0m: file:///home/bolt/.config/noctalia/plugins/agent-quota/Panel.qml?v=0[467:41]: Unable to assign [undefined] to bool
[33m  WARN[97m scene[0m: file:///home/bolt/.config/noctalia/plugins/agent-quota/Panel.qml?v=0[477:37]: Unable to assign [undefined] to bool
[33m  WARN[97m scene[0m: file:///home/bolt/.config/noctalia/plugins/agent-quota/Panel.qml?v=0[319:41]: Unable to assign [undefined] to bool
[33m  WARN[97m scene[0m: file:///home/bolt/.config/noctalia/plugins/agent-quota/Panel.qml?v=0[467:41]: Unable to assign [undefined] to bool
[33m  WARN[97m scene[0m: file:///home/bolt/.config/noctalia/plugins/agent-quota/Panel.qml?v=0[477:37]: Unable to assign [undefined] to bool
[33m  WARN[97m scene[0m: file:///home/bolt/.config/noctalia/plugins/agent-quota/Panel.qml?v=0[574:41]: Unable to assign [undefined] to bool
[33m  WARN[97m scene[0m: file:///home/bolt/.config/noctalia/plugins/agent-quota/Panel.qml?v=0[637:41]: Unable to assign [undefined] to bool
[33m  WARN[97m scene[0m: file:///home/bolt/.config/noctalia/plugins/agent-quota/Panel.qml?v=0[319:41]: Unable to assign [undefined] to bool
[33m  WARN[97m scene[0m: file:///home/bolt/.config/noctalia/plugins/agent-quota/Panel.qml?v=0[467:41]: Unable to assign [undefined] to bool
[33m  WARN[97m scene[0m: file:///home/bolt/.config/noctalia/plugins/agent-quota/Panel.qml?v=0[477:37]: Unable to assign [undefined] to bool
[33m  WARN[97m scene[0m: file:///home/bolt/.config/noctalia/plugins/agent-quota/Panel.qml?v=0[467:41]: Unable to assign [undefined] to bool
[33m  WARN[97m scene[0m: file:///home/bolt/.config/noctalia/plugins/agent-quota/Panel.qml?v=0[477:37]: Unable to assign [undefined] to bool
[32m  INFO[97m qml[0m: [36m[20260304-195904][0m [35mPluginPanelSlo[0m Loading panel for plugin: agent-quota in slot 1
[32m  INFO[97m qml[0m: [36m[20260304-195904][0m [35mPluginPanelSlo[0m Panel loaded for: agent-quota
[33m  WARN[97m scene[0m: file:///home/bolt/.config/noctalia/plugins/agent-quota/Panel.qml?v=0[467:41]: Unable to assign [undefined] to bool
[33m  WARN[97m scene[0m: file:///home/bolt/.config/noctalia/plugins/agent-quota/Panel.qml?v=0[477:37]: Unable to assign [undefined] to bool
[33m  WARN[97m scene[0m: file:///home/bolt/.config/noctalia/plugins/agent-quota/Panel.qml?v=0[319:41]: Unable to assign [undefined] to bool
[33m  WARN[97m scene[0m: file:///home/bolt/.config/noctalia/plugins/agent-quota/Panel.qml?v=0[467:41]: Unable to assign [undefined] to bool
[33m  WARN[97m scene[0m: file:///home/bolt/.config/noctalia/plugins/agent-quota/Panel.qml?v=0[477:37]: Unable to assign [undefined] to bool
[33m  WARN[97m scene[0m: file:///home/bolt/.config/noctalia/plugins/agent-quota/Panel.qml?v=0[574:41]: Unable to assign [undefined] to bool
[33m  WARN[97m scene[0m: file:///home/bolt/.config/noctalia/plugins/agent-quota/Panel.qml?v=0[637:41]: Unable to assign [undefined] to bool
[33m  WARN[97m scene[0m: file:///home/bolt/.config/noctalia/plugins/agent-quota/Panel.qml?v=0[319:41]: Unable to assign [undefined] to bool
[33m  WARN[97m scene[0m: file:///home/bolt/.config/noctalia/plugins/agent-quota/Panel.qml?v=0[467:41]: Unable to assign [undefined] to bool
[33m  WARN[97m scene[0m: file:///home/bolt/.config/noctalia/plugins/agent-quota/Panel.qml?v=0[477:37]: Unable to assign [undefined] to bool
[33m  WARN[97m scene[0m: file:///home/bolt/.config/noctalia/plugins/agent-quota/Panel.qml?v=0[467:41]: Unable to assign [undefined] to bool
[33m  WARN[97m scene[0m: file:///home/bolt/.config/noctalia/plugins/agent-quota/Panel.qml?v=0[477:37]: Unable to assign [undefined] to bool
[32m  INFO[97m qml[0m: [36m[20260304-200557][0m [35mPluginPanelSlo[0m Loading panel for plugin: agent-quota in slot 1
[32m  INFO[97m qml[0m: [36m[20260304-200557][0m [35mPluginPanelSlo[0m Panel loaded for: agent-quota
[33m  WARN[97m scene[0m: file:///home/bolt/.config/noctalia/plugins/agent-quota/Panel.qml?v=0[319:41]: Unable to assign [undefined] to bool
[33m  WARN[97m scene[0m: file:///home/bolt/.config/noctalia/plugins/agent-quota/Panel.qml?v=0[334:41]: Unable to assign [undefined] to bool
[33m  WARN[97m scene[0m: file:///home/bolt/.config/noctalia/plugins/agent-quota/Panel.qml?v=0[370:41]: Unable to assign [undefined] to bool
[33m  WARN[97m scene[0m: file:///home/bolt/.config/noctalia/plugins/agent-quota/Panel.qml?v=0[393:41]: Unable to assign [undefined] to bool
[33m  WARN[97m scene[0m: file:///home/bolt/.config/noctalia/plugins/agent-quota/Panel.qml?v=0[430:41]: Unable to assign [undefined] to bool
[33m  WARN[97m scene[0m: file:///home/bolt/.config/noctalia/plugins/agent-quota/Panel.qml?v=0[319:41]: Unable to assign [undefined] to bool
[33m  WARN[97m scene[0m: file:///home/bolt/.config/noctalia/plugins/agent-quota/Panel.qml?v=0[467:41]: Unable to assign [undefined] to bool
[33m  WARN[97m scene[0m: file:///home/bolt/.config/noctalia/plugins/agent-quota/Panel.qml?v=0[477:37]: Unable to assign [undefined] to bool
[33m  WARN[97m scene[0m: file:///home/bolt/.config/noctalia/plugins/agent-quota/Panel.qml?v=0[574:41]: Unable to assign [undefined] to bool
[33m  WARN[97m scene[0m: file:///home/bolt/.config/noctalia/plugins/agent-quota/Panel.qml?v=0[637:41]: Unable to assign [undefined] to bool
[32m  INFO[97m qml[0m: [36m[20260304-201824][0m [35mPluginPanelSlo[0m Loading panel for plugin: agent-quota in slot 1
[32m  INFO[97m qml[0m: [36m[20260304-201824][0m [35mPluginPanelSlo[0m Panel loaded for: agent-quota
[33m  WARN[97m scene[0m: file:///home/bolt/.config/noctalia/plugins/agent-quota/Panel.qml?v=0[467:41]: Unable to assign [undefined] to bool
[33m  WARN[97m scene[0m: file:///home/bolt/.config/noctalia/plugins/agent-quota/Panel.qml?v=0[477:37]: Unable to assign [undefined] to bool
[33m  WARN[97m scene[0m: file:///home/bolt/.config/noctalia/plugins/agent-quota/Panel.qml?v=0[319:41]: Unable to assign [undefined] to bool
[33m  WARN[97m scene[0m: file:///home/bolt/.config/noctalia/plugins/agent-quota/Panel.qml?v=0[467:41]: Unable to assign [undefined] to bool
[33m  WARN[97m scene[0m: file:///home/bolt/.config/noctalia/plugins/agent-quota/Panel.qml?v=0[477:37]: Unable to assign [undefined] to bool
[33m  WARN[97m scene[0m: file:///home/bolt/.config/noctalia/plugins/agent-quota/Panel.qml?v=0[574:41]: Unable to assign [undefined] to bool
[33m  WARN[97m scene[0m: file:///home/bolt/.config/noctalia/plugins/agent-quota/Panel.qml?v=0[637:41]: Unable to assign [undefined] to bool
[33m  WARN[97m scene[0m: file:///home/bolt/.config/noctalia/plugins/agent-quota/Panel.qml?v=0[319:41]: Unable to assign [undefined] to bool
[33m  WARN[97m scene[0m: file:///home/bolt/.config/noctalia/plugins/agent-quota/Panel.qml?v=0[467:41]: Unable to assign [undefined] to bool
[33m  WARN[97m scene[0m: file:///home/bolt/.config/noctalia/plugins/agent-quota/Panel.qml?v=0[477:37]: Unable to assign [undefined] to bool
[33m  WARN[97m scene[0m: file:///home/bolt/.config/noctalia/plugins/agent-quota/Panel.qml?v=0[467:41]: Unable to assign [undefined] to bool
[33m  WARN[97m scene[0m: file:///home/bolt/.config/noctalia/plugins/agent-quota/Panel.qml?v=0[477:37]: Unable to assign [undefined] to bool
[33m  WARN[97m qt.network.http2[0m: stream 1 finished with error: "Host requires authentication"
[33m  WARN[97m qt.network.http2[0m: stream 1 finished with error: "Host requires authentication"
[33m  WARN[97m qt.network.http2[0m: stream 1 finished with error: "Host requires authentication"
[33m  WARN[97m qt.network.http2[0m: stream 1 finished with error: "Host requires authentication"
[33m  WARN[97m qt.network.http2[0m: stream 1 finished with error: "Host requires authentication"
[32m  INFO[97m qml[0m: [36m[20260304-210424][0m [35mPluginPanelSlo[0m Loading panel for plugin: agent-quota in slot 1
[32m  INFO[97m qml[0m: [36m[20260304-210424][0m [35mPluginPanelSlo[0m Panel loaded for: agent-quota
[33m  WARN[97m scene[0m: file:///home/bolt/.config/noctalia/plugins/agent-quota/Panel.qml?v=0[467:41]: Unable to assign [undefined] to bool
[33m  WARN[97m scene[0m: file:///home/bolt/.config/noctalia/plugins/agent-quota/Panel.qml?v=0[477:37]: Unable to assign [undefined] to bool
[33m  WARN[97m scene[0m: file:///home/bolt/.config/noctalia/plugins/agent-quota/Panel.qml?v=0[319:41]: Unable to assign [undefined] to bool
[33m  WARN[97m scene[0m: file:///home/bolt/.config/noctalia/plugins/agent-quota/Panel.qml?v=0[334:41]: Unable to assign [undefined] to bool
[33m  WARN[97m scene[0m: file:///home/bolt/.config/noctalia/plugins/agent-quota/Panel.qml?v=0[370:41]: Unable to assign [undefined] to bool
[33m  WARN[97m scene[0m: file:///home/bolt/.config/noctalia/plugins/agent-quota/Panel.qml?v=0[393:41]: Unable to assign [undefined] to bool
[33m  WARN[97m scene[0m: file:///home/bolt/.config/noctalia/plugins/agent-quota/Panel.qml?v=0[430:41]: Unable to assign [undefined] to bool
[33m  WARN[97m scene[0m: file:///home/bolt/.config/noctalia/plugins/agent-quota/Panel.qml?v=0[574:41]: Unable to assign [undefined] to bool
[33m  WARN[97m scene[0m: file:///home/bolt/.config/noctalia/plugins/agent-quota/Panel.qml?v=0[637:41]: Unable to assign [undefined] to bool
[33m  WARN[97m qt.network.http2[0m: stream 3 finished with error: "Host requires authentication"
[33m  WARN[97m scene[0m: file:///home/bolt/.config/noctalia/plugins/agent-quota/Panel.qml?v=0[319:41]: Unable to assign [undefined] to bool
[33m  WARN[97m scene[0m: file:///home/bolt/.config/noctalia/plugins/agent-quota/Panel.qml?v=0[334:41]: Unable to assign [undefined] to bool
[33m  WARN[97m scene[0m: file:///home/bolt/.config/noctalia/plugins/agent-quota/Panel.qml?v=0[370:41]: Unable to assign [undefined] to bool
[33m  WARN[97m scene[0m: file:///home/bolt/.config/noctalia/plugins/agent-quota/Panel.qml?v=0[393:41]: Unable to assign [undefined] to bool
[33m  WARN[97m scene[0m: file:///home/bolt/.config/noctalia/plugins/agent-quota/Panel.qml?v=0[430:41]: Unable to assign [undefined] to bool
[33m  WARN[97m scene[0m: file:///home/bolt/.config/noctalia/plugins/agent-quota/Panel.qml?v=0[467:41]: Unable to assign [undefined] to bool
[33m  WARN[97m scene[0m: file:///home/bolt/.config/noctalia/plugins/agent-quota/Panel.qml?v=0[477:37]: Unable to assign [undefined] to bool
[33m  WARN[97m qt.network.http2[0m: stream 1 finished with error: "Host requires authentication"
[32m  INFO[97m qml[0m: [36m[20260304-210941][0m [35mPluginPanelSlo[0m Loading panel for plugin: agent-quota in slot 1
[32m  INFO[97m qml[0m: [36m[20260304-210941][0m [35mPluginPanelSlo[0m Panel loaded for: agent-quota
[33m  WARN[97m scene[0m: file:///home/bolt/.config/noctalia/plugins/agent-quota/Panel.qml?v=0[467:41]: Unable to assign [undefined] to bool
[33m  WARN[97m scene[0m: file:///home/bolt/.config/noctalia/plugins/agent-quota/Panel.qml?v=0[477:37]: Unable to assign [undefined] to bool
[33m  WARN[97m scene[0m: file:///home/bolt/.config/noctalia/plugins/agent-quota/Panel.qml?v=0[319:41]: Unable to assign [undefined] to bool
[33m  WARN[97m scene[0m: file:///home/bolt/.config/noctalia/plugins/agent-quota/Panel.qml?v=0[334:41]: Unable to assign [undefined] to bool
[33m  WARN[97m scene[0m: file:///home/bolt/.config/noctalia/plugins/agent-quota/Panel.qml?v=0[370:41]: Unable to assign [undefined] to bool
[33m  WARN[97m scene[0m: file:///home/bolt/.config/noctalia/plugins/agent-quota/Panel.qml?v=0[393:41]: Unable to assign [undefined] to bool
[33m  WARN[97m scene[0m: file:///home/bolt/.config/noctalia/plugins/agent-quota/Panel.qml?v=0[430:41]: Unable to assign [undefined] to bool
[33m  WARN[97m scene[0m: file:///home/bolt/.config/noctalia/plugins/agent-quota/Panel.qml?v=0[574:41]: Unable to assign [undefined] to bool
[33m  WARN[97m scene[0m: file:///home/bolt/.config/noctalia/plugins/agent-quota/Panel.qml?v=0[637:41]: Unable to assign [undefined] to bool
[33m  WARN[97m scene[0m: file:///home/bolt/.config/noctalia/plugins/agent-quota/Panel.qml?v=0[319:41]: Unable to assign [undefined] to bool
[33m  WARN[97m scene[0m: file:///home/bolt/.config/noctalia/plugins/agent-quota/Panel.qml?v=0[334:41]: Unable to assign [undefined] to bool
[33m  WARN[97m scene[0m: file:///home/bolt/.config/noctalia/plugins/agent-quota/Panel.qml?v=0[370:41]: Unable to assign [undefined] to bool
[33m  WARN[97m scene[0m: file:///home/bolt/.config/noctalia/plugins/agent-quota/Panel.qml?v=0[393:41]: Unable to assign [undefined] to bool
[33m  WARN[97m scene[0m: file:///home/bolt/.config/noctalia/plugins/agent-quota/Panel.qml?v=0[430:41]: Unable to assign [undefined] to bool
[33m  WARN[97m scene[0m: file:///home/bolt/.config/noctalia/plugins/agent-quota/Panel.qml?v=0[467:41]: Unable to assign [undefined] to bool
[33m  WARN[97m scene[0m: file:///home/bolt/.config/noctalia/plugins/agent-quota/Panel.qml?v=0[477:37]: Unable to assign [undefined] to bool
[32m  INFO[97m qml[0m: [36m[20260304-211609][0m [35mPluginPanelSlo[0m Loading panel for plugin: agent-quota in slot 1
[32m  INFO[97m qml[0m: [36m[20260304-211609][0m [35mPluginPanelSlo[0m Panel loaded for: agent-quota
[33m  WARN[97m scene[0m: file:///home/bolt/.config/noctalia/plugins/agent-quota/Panel.qml?v=0[467:41]: Unable to assign [undefined] to bool
[33m  WARN[97m scene[0m: file:///home/bolt/.config/noctalia/plugins/agent-quota/Panel.qml?v=0[477:37]: Unable to assign [undefined] to bool
[33m  WARN[97m scene[0m: file:///home/bolt/.config/noctalia/plugins/agent-quota/Panel.qml?v=0[319:41]: Unable to assign [undefined] to bool
[33m  WARN[97m scene[0m: file:///home/bolt/.config/noctalia/plugins/agent-quota/Panel.qml?v=0[467:41]: Unable to assign [undefined] to bool
[33m  WARN[97m scene[0m: file:///home/bolt/.config/noctalia/plugins/agent-quota/Panel.qml?v=0[477:37]: Unable to assign [undefined] to bool
[33m  WARN[97m scene[0m: file:///home/bolt/.config/noctalia/plugins/agent-quota/Panel.qml?v=0[574:41]: Unable to assign [undefined] to bool
[33m  WARN[97m scene[0m: file:///home/bolt/.config/noctalia/plugins/agent-quota/Panel.qml?v=0[637:41]: Unable to assign [undefined] to bool
[33m  WARN[97m scene[0m: file:///home/bolt/.config/noctalia/plugins/agent-quota/Panel.qml?v=0[319:41]: Unable to assign [undefined] to bool
[33m  WARN[97m scene[0m: file:///home/bolt/.config/noctalia/plugins/agent-quota/Panel.qml?v=0[467:41]: Unable to assign [undefined] to bool
[33m  WARN[97m scene[0m: file:///home/bolt/.config/noctalia/plugins/agent-quota/Panel.qml?v=0[477:37]: Unable to assign [undefined] to bool
[33m  WARN[97m scene[0m: file:///home/bolt/.config/noctalia/plugins/agent-quota/Panel.qml?v=0[467:41]: Unable to assign [undefined] to bool
[33m  WARN[97m scene[0m: file:///home/bolt/.config/noctalia/plugins/agent-quota/Panel.qml?v=0[477:37]: Unable to assign [undefined] to bool
[32m  INFO[97m qml[0m: [36m[20260304-213832][0m [35mPluginPanelSlo[0m Loading panel for plugin: agent-quota in slot 1
[32m  INFO[97m qml[0m: [36m[20260304-213832][0m [35mPluginPanelSlo[0m Panel loaded for: agent-quota
[33m  WARN[97m scene[0m: file:///home/bolt/.config/noctalia/plugins/agent-quota/Panel.qml?v=0[467:41]: Unable to assign [undefined] to bool
[33m  WARN[97m scene[0m: file:///home/bolt/.config/noctalia/plugins/agent-quota/Panel.qml?v=0[477:37]: Unable to assign [undefined] to bool
[33m  WARN[97m scene[0m: file:///home/bolt/.config/noctalia/plugins/agent-quota/Panel.qml?v=0[319:41]: Unable to assign [undefined] to bool
[33m  WARN[97m scene[0m: file:///home/bolt/.config/noctalia/plugins/agent-quota/Panel.qml?v=0[467:41]: Unable to assign [undefined] to bool
[33m  WARN[97m scene[0m: file:///home/bolt/.config/noctalia/plugins/agent-quota/Panel.qml?v=0[477:37]: Unable to assign [undefined] to bool
[33m  WARN[97m scene[0m: file:///home/bolt/.config/noctalia/plugins/agent-quota/Panel.qml?v=0[574:41]: Unable to assign [undefined] to bool
[33m  WARN[97m scene[0m: file:///home/bolt/.config/noctalia/plugins/agent-quota/Panel.qml?v=0[637:41]: Unable to assign [undefined] to bool
[33m  WARN[97m scene[0m: file:///home/bolt/.config/noctalia/plugins/agent-quota/Panel.qml?v=0[319:41]: Unable to assign [undefined] to bool
[33m  WARN[97m scene[0m: file:///home/bolt/.config/noctalia/plugins/agent-quota/Panel.qml?v=0[467:41]: Unable to assign [undefined] to bool
[33m  WARN[97m scene[0m: file:///home/bolt/.config/noctalia/plugins/agent-quota/Panel.qml?v=0[477:37]: Unable to assign [undefined] to bool
[33m  WARN[97m scene[0m: file:///home/bolt/.config/noctalia/plugins/agent-quota/Panel.qml?v=0[467:41]: Unable to assign [undefined] to bool
[33m  WARN[97m scene[0m: file:///home/bolt/.config/noctalia/plugins/agent-quota/Panel.qml?v=0[477:37]: Unable to assign [undefined] to bool
[32m  INFO[97m qml[0m: [36m[20260304-221634][0m [35mPluginPanelSlo[0m Loading panel for plugin: agent-quota in slot 1
[32m  INFO[97m qml[0m: [36m[20260304-221634][0m [35mPluginPanelSlo[0m Panel loaded for: agent-quota
[33m  WARN[97m scene[0m: file:///home/bolt/.config/noctalia/plugins/agent-quota/Panel.qml?v=0[467:41]: Unable to assign [undefined] to bool
[33m  WARN[97m scene[0m: file:///home/bolt/.config/noctalia/plugins/agent-quota/Panel.qml?v=0[477:37]: Unable to assign [undefined] to bool
[33m  WARN[97m scene[0m: file:///home/bolt/.config/noctalia/plugins/agent-quota/Panel.qml?v=0[319:41]: Unable to assign [undefined] to bool
[33m  WARN[97m scene[0m: file:///home/bolt/.config/noctalia/plugins/agent-quota/Panel.qml?v=0[467:41]: Unable to assign [undefined] to bool
[33m  WARN[97m scene[0m: file:///home/bolt/.config/noctalia/plugins/agent-quota/Panel.qml?v=0[477:37]: Unable to assign [undefined] to bool
[33m  WARN[97m scene[0m: file:///home/bolt/.config/noctalia/plugins/agent-quota/Panel.qml?v=0[574:41]: Unable to assign [undefined] to bool
[33m  WARN[97m scene[0m: file:///home/bolt/.config/noctalia/plugins/agent-quota/Panel.qml?v=0[637:41]: Unable to assign [undefined] to bool
[33m  WARN[97m scene[0m: file:///home/bolt/.config/noctalia/plugins/agent-quota/Panel.qml?v=0[319:41]: Unable to assign [undefined] to bool
[33m  WARN[97m scene[0m: file:///home/bolt/.config/noctalia/plugins/agent-quota/Panel.qml?v=0[467:41]: Unable to assign [undefined] to bool
[33m  WARN[97m scene[0m: file:///home/bolt/.config/noctalia/plugins/agent-quota/Panel.qml?v=0[477:37]: Unable to assign [undefined] to bool
[33m  WARN[97m scene[0m: file:///home/bolt/.config/noctalia/plugins/agent-quota/Panel.qml?v=0[467:41]: Unable to assign [undefined] to bool
[33m  WARN[97m scene[0m: file:///home/bolt/.config/noctalia/plugins/agent-quota/Panel.qml?v=0[477:37]: Unable to assign [undefined] to bool
[32m  INFO[97m qml[0m: [36m[20260304-221640][0m [35mPluginPanelSlo[0m Loading panel for plugin: agent-quota in slot 1
[32m  INFO[97m qml[0m: [36m[20260304-221640][0m [35mPluginPanelSlo[0m Panel loaded for: agent-quota
[33m  WARN[97m scene[0m: file:///home/bolt/.config/noctalia/plugins/agent-quota/Panel.qml?v=0[467:41]: Unable to assign [undefined] to bool
[33m  WARN[97m scene[0m: file:///home/bolt/.config/noctalia/plugins/agent-quota/Panel.qml?v=0[477:37]: Unable to assign [undefined] to bool
[33m  WARN[97m scene[0m: file:///home/bolt/.config/noctalia/plugins/agent-quota/Panel.qml?v=0[319:41]: Unable to assign [undefined] to bool
[33m  WARN[97m scene[0m: file:///home/bolt/.config/noctalia/plugins/agent-quota/Panel.qml?v=0[467:41]: Unable to assign [undefined] to bool
[33m  WARN[97m scene[0m: file:///home/bolt/.config/noctalia/plugins/agent-quota/Panel.qml?v=0[477:37]: Unable to assign [undefined] to bool
[33m  WARN[97m scene[0m: file:///home/bolt/.config/noctalia/plugins/agent-quota/Panel.qml?v=0[574:41]: Unable to assign [undefined] to bool
[33m  WARN[97m scene[0m: file:///home/bolt/.config/noctalia/plugins/agent-quota/Panel.qml?v=0[637:41]: Unable to assign [undefined] to bool
[33m  WARN[97m scene[0m: file:///home/bolt/.config/noctalia/plugins/agent-quota/Panel.qml?v=0[319:41]: Unable to assign [undefined] to bool
[33m  WARN[97m scene[0m: file:///home/bolt/.config/noctalia/plugins/agent-quota/Panel.qml?v=0[467:41]: Unable to assign [undefined] to bool
[33m  WARN[97m scene[0m: file:///home/bolt/.config/noctalia/plugins/agent-quota/Panel.qml?v=0[477:37]: Unable to assign [undefined] to bool
[33m  WARN[97m scene[0m: file:///home/bolt/.config/noctalia/plugins/agent-quota/Panel.qml?v=0[467:41]: Unable to assign [undefined] to bool
[33m  WARN[97m scene[0m: file:///home/bolt/.config/noctalia/plugins/agent-quota/Panel.qml?v=0[477:37]: Unable to assign [undefined] to bool
[32m  INFO[97m qml[0m: [36m[20260304-221709][0m [35mPluginPanelSlo[0m Loading panel for plugin: agent-quota in slot 1
[32m  INFO[97m qml[0m: [36m[20260304-221709][0m [35mPluginPanelSlo[0m Panel loaded for: agent-quota
[33m  WARN[97m scene[0m: file:///home/bolt/.config/noctalia/plugins/agent-quota/Panel.qml?v=0[467:41]: Unable to assign [undefined] to bool
[33m  WARN[97m scene[0m: file:///home/bolt/.config/noctalia/plugins/agent-quota/Panel.qml?v=0[477:37]: Unable to assign [undefined] to bool
[33m  WARN[97m scene[0m: file:///home/bolt/.config/noctalia/plugins/agent-quota/Panel.qml?v=0[319:41]: Unable to assign [undefined] to bool
[33m  WARN[97m scene[0m: file:///home/bolt/.config/noctalia/plugins/agent-quota/Panel.qml?v=0[467:41]: Unable to assign [undefined] to bool
[33m  WARN[97m scene[0m: file:///home/bolt/.config/noctalia/plugins/agent-quota/Panel.qml?v=0[477:37]: Unable to assign [undefined] to bool
[33m  WARN[97m scene[0m: file:///home/bolt/.config/noctalia/plugins/agent-quota/Panel.qml?v=0[574:41]: Unable to assign [undefined] to bool
[33m  WARN[97m scene[0m: file:///home/bolt/.config/noctalia/plugins/agent-quota/Panel.qml?v=0[637:41]: Unable to assign [undefined] to bool
[33m  WARN[97m scene[0m: file:///home/bolt/.config/noctalia/plugins/agent-quota/Panel.qml?v=0[319:41]: Unable to assign [undefined] to bool
[33m  WARN[97m scene[0m: file:///home/bolt/.config/noctalia/plugins/agent-quota/Panel.qml?v=0[467:41]: Unable to assign [undefined] to bool
[33m  WARN[97m scene[0m: file:///home/bolt/.config/noctalia/plugins/agent-quota/Panel.qml?v=0[477:37]: Unable to assign [undefined] to bool
[33m  WARN[97m scene[0m: file:///home/bolt/.config/noctalia/plugins/agent-quota/Panel.qml?v=0[467:41]: Unable to assign [undefined] to bool
[33m  WARN[97m scene[0m: file:///home/bolt/.config/noctalia/plugins/agent-quota/Panel.qml?v=0[477:37]: Unable to assign [undefined] to bool
[32m  INFO[97m qml[0m: [36m[20260304-222017][0m [35mPluginPanelSlo[0m Loading panel for plugin: agent-quota in slot 1
[32m  INFO[97m qml[0m: [36m[20260304-222017][0m [35mPluginPanelSlo[0m Panel loaded for: agent-quota
[33m  WARN[97m scene[0m: file:///home/bolt/.config/noctalia/plugins/agent-quota/Panel.qml?v=0[467:41]: Unable to assign [undefined] to bool
[33m  WARN[97m scene[0m: file:///home/bolt/.config/noctalia/plugins/agent-quota/Panel.qml?v=0[477:37]: Unable to assign [undefined] to bool
[33m  WARN[97m scene[0m: file:///home/bolt/.config/noctalia/plugins/agent-quota/Panel.qml?v=0[319:41]: Unable to assign [undefined] to bool
[33m  WARN[97m scene[0m: file:///home/bolt/.config/noctalia/plugins/agent-quota/Panel.qml?v=0[467:41]: Unable to assign [undefined] to bool
[33m  WARN[97m scene[0m: file:///home/bolt/.config/noctalia/plugins/agent-quota/Panel.qml?v=0[477:37]: Unable to assign [undefined] to bool
[33m  WARN[97m scene[0m: file:///home/bolt/.config/noctalia/plugins/agent-quota/Panel.qml?v=0[574:41]: Unable to assign [undefined] to bool
[33m  WARN[97m scene[0m: file:///home/bolt/.config/noctalia/plugins/agent-quota/Panel.qml?v=0[637:41]: Unable to assign [undefined] to bool
[33m  WARN[97m scene[0m: file:///home/bolt/.config/noctalia/plugins/agent-quota/Panel.qml?v=0[319:41]: Unable to assign [undefined] to bool
[33m  WARN[97m scene[0m: file:///home/bolt/.config/noctalia/plugins/agent-quota/Panel.qml?v=0[467:41]: Unable to assign [undefined] to bool
[33m  WARN[97m scene[0m: file:///home/bolt/.config/noctalia/plugins/agent-quota/Panel.qml?v=0[477:37]: Unable to assign [undefined] to bool
[33m  WARN[97m scene[0m: file:///home/bolt/.config/noctalia/plugins/agent-quota/Panel.qml?v=0[467:41]: Unable to assign [undefined] to bool
[33m  WARN[97m scene[0m: file:///home/bolt/.config/noctalia/plugins/agent-quota/Panel.qml?v=0[477:37]: Unable to assign [undefined] to bool
[32m  INFO[97m qml[0m: [36m[20260304-222022][0m [35mPluginPanelSlo[0m Loading panel for plugin: agent-quota in slot 1
[32m  INFO[97m qml[0m: [36m[20260304-222022][0m [35mPluginPanelSlo[0m Panel loaded for: agent-quota
[33m  WARN[97m scene[0m: file:///home/bolt/.config/noctalia/plugins/agent-quota/Panel.qml?v=0[467:41]: Unable to assign [undefined] to bool
[33m  WARN[97m scene[0m: file:///home/bolt/.config/noctalia/plugins/agent-quota/Panel.qml?v=0[477:37]: Unable to assign [undefined] to bool
[33m  WARN[97m scene[0m: file:///home/bolt/.config/noctalia/plugins/agent-quota/Panel.qml?v=0[319:41]: Unable to assign [undefined] to bool
[33m  WARN[97m scene[0m: file:///home/bolt/.config/noctalia/plugins/agent-quota/Panel.qml?v=0[467:41]: Unable to assign [undefined] to bool
[33m  WARN[97m scene[0m: file:///home/bolt/.config/noctalia/plugins/agent-quota/Panel.qml?v=0[477:37]: Unable to assign [undefined] to bool
[33m  WARN[97m scene[0m: file:///home/bolt/.config/noctalia/plugins/agent-quota/Panel.qml?v=0[574:41]: Unable to assign [undefined] to bool
[33m  WARN[97m scene[0m: file:///home/bolt/.config/noctalia/plugins/agent-quota/Panel.qml?v=0[637:41]: Unable to assign [undefined] to bool
[33m  WARN[97m scene[0m: file:///home/bolt/.config/noctalia/plugins/agent-quota/Panel.qml?v=0[319:41]: Unable to assign [undefined] to bool
[33m  WARN[97m scene[0m: file:///home/bolt/.config/noctalia/plugins/agent-quota/Panel.qml?v=0[467:41]: Unable to assign [undefined] to bool
[33m  WARN[97m scene[0m: file:///home/bolt/.config/noctalia/plugins/agent-quota/Panel.qml?v=0[477:37]: Unable to assign [undefined] to bool
[33m  WARN[97m scene[0m: file:///home/bolt/.config/noctalia/plugins/agent-quota/Panel.qml?v=0[467:41]: Unable to assign [undefined] to bool
[33m  WARN[97m scene[0m: file:///home/bolt/.config/noctalia/plugins/agent-quota/Panel.qml?v=0[477:37]: Unable to assign [undefined] to bool
[32m  INFO[97m qml[0m: [36m[20260304-222524][0m [35mPluginPanelSlo[0m Loading panel for plugin: agent-quota in slot 1
[32m  INFO[97m qml[0m: [36m[20260304-222524][0m [35mPluginPanelSlo[0m Panel loaded for: agent-quota
[33m  WARN[97m scene[0m: file:///home/bolt/.config/noctalia/plugins/agent-quota/Panel.qml?v=0[467:41]: Unable to assign [undefined] to bool
[33m  WARN[97m scene[0m: file:///home/bolt/.config/noctalia/plugins/agent-quota/Panel.qml?v=0[477:37]: Unable to assign [undefined] to bool
[33m  WARN[97m scene[0m: file:///home/bolt/.config/noctalia/plugins/agent-quota/Panel.qml?v=0[319:41]: Unable to assign [undefined] to bool
[33m  WARN[97m scene[0m: file:///home/bolt/.config/noctalia/plugins/agent-quota/Panel.qml?v=0[467:41]: Unable to assign [undefined] to bool
[33m  WARN[97m scene[0m: file:///home/bolt/.config/noctalia/plugins/agent-quota/Panel.qml?v=0[477:37]: Unable to assign [undefined] to bool
[33m  WARN[97m scene[0m: file:///home/bolt/.config/noctalia/plugins/agent-quota/Panel.qml?v=0[574:41]: Unable to assign [undefined] to bool
[33m  WARN[97m scene[0m: file:///home/bolt/.config/noctalia/plugins/agent-quota/Panel.qml?v=0[637:41]: Unable to assign [undefined] to bool
[33m  WARN[97m scene[0m: file:///home/bolt/.config/noctalia/plugins/agent-quota/Panel.qml?v=0[319:41]: Unable to assign [undefined] to bool
[33m  WARN[97m scene[0m: file:///home/bolt/.config/noctalia/plugins/agent-quota/Panel.qml?v=0[467:41]: Unable to assign [undefined] to bool
[33m  WARN[97m scene[0m: file:///home/bolt/.config/noctalia/plugins/agent-quota/Panel.qml?v=0[477:37]: Unable to assign [undefined] to bool
[33m  WARN[97m scene[0m: file:///home/bolt/.config/noctalia/plugins/agent-quota/Panel.qml?v=0[467:41]: Unable to assign [undefined] to bool
[33m  WARN[97m scene[0m: file:///home/bolt/.config/noctalia/plugins/agent-quota/Panel.qml?v=0[477:37]: Unable to assign [undefined] to bool
[32m  INFO[97m qml[0m: [36m[20260304-223434][0m [35mPluginPanelSlo[0m Loading panel for plugin: agent-quota in slot 1
[32m  INFO[97m qml[0m: [36m[20260304-223434][0m [35mPluginPanelSlo[0m Panel loaded for: agent-quota
[33m  WARN[97m scene[0m: file:///home/bolt/.config/noctalia/plugins/agent-quota/Panel.qml?v=0[467:41]: Unable to assign [undefined] to bool
[33m  WARN[97m scene[0m: file:///home/bolt/.config/noctalia/plugins/agent-quota/Panel.qml?v=0[477:37]: Unable to assign [undefined] to bool
[33m  WARN[97m scene[0m: file:///home/bolt/.config/noctalia/plugins/agent-quota/Panel.qml?v=0[319:41]: Unable to assign [undefined] to bool
[33m  WARN[97m scene[0m: file:///home/bolt/.config/noctalia/plugins/agent-quota/Panel.qml?v=0[467:41]: Unable to assign [undefined] to bool
[33m  WARN[97m scene[0m: file:///home/bolt/.config/noctalia/plugins/agent-quota/Panel.qml?v=0[477:37]: Unable to assign [undefined] to bool
[33m  WARN[97m scene[0m: file:///home/bolt/.config/noctalia/plugins/agent-quota/Panel.qml?v=0[574:41]: Unable to assign [undefined] to bool
[33m  WARN[97m scene[0m: file:///home/bolt/.config/noctalia/plugins/agent-quota/Panel.qml?v=0[637:41]: Unable to assign [undefined] to bool
[33m  WARN[97m scene[0m: file:///home/bolt/.config/noctalia/plugins/agent-quota/Panel.qml?v=0[319:41]: Unable to assign [undefined] to bool
[33m  WARN[97m scene[0m: file:///home/bolt/.config/noctalia/plugins/agent-quota/Panel.qml?v=0[467:41]: Unable to assign [undefined] to bool
[33m  WARN[97m scene[0m: file:///home/bolt/.config/noctalia/plugins/agent-quota/Panel.qml?v=0[477:37]: Unable to assign [undefined] to bool
[33m  WARN[97m scene[0m: file:///home/bolt/.config/noctalia/plugins/agent-quota/Panel.qml?v=0[467:41]: Unable to assign [undefined] to bool
[33m  WARN[97m scene[0m: file:///home/bolt/.config/noctalia/plugins/agent-quota/Panel.qml?v=0[477:37]: Unable to assign [undefined] to bool
[32m  INFO[97m qml[0m: [36m[20260304-223606][0m [35mPluginPanelSlo[0m Loading panel for plugin: agent-quota in slot 1
[32m  INFO[97m qml[0m: [36m[20260304-223606][0m [35mPluginPanelSlo[0m Panel loaded for: agent-quota
[33m  WARN[97m scene[0m: file:///home/bolt/.config/noctalia/plugins/agent-quota/Panel.qml?v=0[467:41]: Unable to assign [undefined] to bool
[33m  WARN[97m scene[0m: file:///home/bolt/.config/noctalia/plugins/agent-quota/Panel.qml?v=0[477:37]: Unable to assign [undefined] to bool
[33m  WARN[97m scene[0m: file:///home/bolt/.config/noctalia/plugins/agent-quota/Panel.qml?v=0[319:41]: Unable to assign [undefined] to bool
[33m  WARN[97m scene[0m: file:///home/bolt/.config/noctalia/plugins/agent-quota/Panel.qml?v=0[467:41]: Unable to assign [undefined] to bool
[33m  WARN[97m scene[0m: file:///home/bolt/.config/noctalia/plugins/agent-quota/Panel.qml?v=0[477:37]: Unable to assign [undefined] to bool
[33m  WARN[97m scene[0m: file:///home/bolt/.config/noctalia/plugins/agent-quota/Panel.qml?v=0[574:41]: Unable to assign [undefined] to bool
[33m  WARN[97m scene[0m: file:///home/bolt/.config/noctalia/plugins/agent-quota/Panel.qml?v=0[637:41]: Unable to assign [undefined] to bool
[33m  WARN[97m scene[0m: file:///home/bolt/.config/noctalia/plugins/agent-quota/Panel.qml?v=0[319:41]: Unable to assign [undefined] to bool
[33m  WARN[97m scene[0m: file:///home/bolt/.config/noctalia/plugins/agent-quota/Panel.qml?v=0[467:41]: Unable to assign [undefined] to bool
[33m  WARN[97m scene[0m: file:///home/bolt/.config/noctalia/plugins/agent-quota/Panel.qml?v=0[477:37]: Unable to assign [undefined] to bool
[33m  WARN[97m scene[0m: file:///home/bolt/.config/noctalia/plugins/agent-quota/Panel.qml?v=0[467:41]: Unable to assign [undefined] to bool
[33m  WARN[97m scene[0m: file:///home/bolt/.config/noctalia/plugins/agent-quota/Panel.qml?v=0[477:37]: Unable to assign [undefined] to bool
[33m  WARN[97m qt.svg[0m: /usr/share/icons/hicolor/scalable/apps/btop.svg:111:6: Could not resolve property: #pattern1888
[33m  WARN[97m qt.svg[0m: /usr/share/icons/hicolor/scalable/apps/btop.svg:111:6: Could not resolve property: #pattern1870
[33m  WARN[97m qt.svg[0m: /usr/share/icons/hicolor/scalable/apps/btop.svg:111:6: Could not resolve property: #pattern1888
[33m  WARN[97m qt.svg[0m: /usr/share/icons/hicolor/scalable/apps/btop.svg:111:6: Could not resolve property: #pattern1870
[33m  WARN[97m qt.svg[0m: /usr/share/pixmaps/Alacritty.svg:444:273: Could not resolve property: #linearGradient10962
[33m  WARN[97m qt.svg[0m: /usr/share/pixmaps/Alacritty.svg:444:273: Could not resolve property: #linearGradient10962
[33m  WARN[97m qt.svg[0m: /usr/share/icons/hicolor/scalable/apps/btop.svg:111:6: Could not resolve property: #pattern1888
[33m  WARN[97m qt.svg[0m: /usr/share/icons/hicolor/scalable/apps/btop.svg:111:6: Could not resolve property: #pattern1870
[32m  INFO[97m qml[0m: [36m[20260304-225418][0m [35mPluginPanelSlo[0m Loading panel for plugin: agent-quota in slot 1
[32m  INFO[97m qml[0m: [36m[20260304-225418][0m [35mPluginPanelSlo[0m Panel loaded for: agent-quota
[33m  WARN[97m scene[0m: file:///home/bolt/.config/noctalia/plugins/agent-quota/Panel.qml?v=0[467:41]: Unable to assign [undefined] to bool
[33m  WARN[97m scene[0m: file:///home/bolt/.config/noctalia/plugins/agent-quota/Panel.qml?v=0[477:37]: Unable to assign [undefined] to bool
[33m  WARN[97m scene[0m: file:///home/bolt/.config/noctalia/plugins/agent-quota/Panel.qml?v=0[319:41]: Unable to assign [undefined] to bool
[33m  WARN[97m scene[0m: file:///home/bolt/.config/noctalia/plugins/agent-quota/Panel.qml?v=0[467:41]: Unable to assign [undefined] to bool
[33m  WARN[97m scene[0m: file:///home/bolt/.config/noctalia/plugins/agent-quota/Panel.qml?v=0[477:37]: Unable to assign [undefined] to bool
[33m  WARN[97m scene[0m: file:///home/bolt/.config/noctalia/plugins/agent-quota/Panel.qml?v=0[574:41]: Unable to assign [undefined] to bool
[33m  WARN[97m scene[0m: file:///home/bolt/.config/noctalia/plugins/agent-quota/Panel.qml?v=0[637:41]: Unable to assign [undefined] to bool
[33m  WARN[97m scene[0m: file:///home/bolt/.config/noctalia/plugins/agent-quota/Panel.qml?v=0[319:41]: Unable to assign [undefined] to bool
[33m  WARN[97m scene[0m: file:///home/bolt/.config/noctalia/plugins/agent-quota/Panel.qml?v=0[467:41]: Unable to assign [undefined] to bool
[33m  WARN[97m scene[0m: file:///home/bolt/.config/noctalia/plugins/agent-quota/Panel.qml?v=0[477:37]: Unable to assign [undefined] to bool
[33m  WARN[97m scene[0m: file:///home/bolt/.config/noctalia/plugins/agent-quota/Panel.qml?v=0[467:41]: Unable to assign [undefined] to bool
[33m  WARN[97m scene[0m: file:///home/bolt/.config/noctalia/plugins/agent-quota/Panel.qml?v=0[477:37]: Unable to assign [undefined] to bool
[32m  INFO[97m qml[0m: [36m[20260304-225430][0m [35mPluginPanelSlo[0m Loading panel for plugin: agent-quota in slot 1
[32m  INFO[97m qml[0m: [36m[20260304-225430][0m [35mPluginPanelSlo[0m Panel loaded for: agent-quota
[33m  WARN[97m scene[0m: file:///home/bolt/.config/noctalia/plugins/agent-quota/Panel.qml?v=0[467:41]: Unable to assign [undefined] to bool
[33m  WARN[97m scene[0m: file:///home/bolt/.config/noctalia/plugins/agent-quota/Panel.qml?v=0[477:37]: Unable to assign [undefined] to bool
[33m  WARN[97m scene[0m: file:///home/bolt/.config/noctalia/plugins/agent-quota/Panel.qml?v=0[319:41]: Unable to assign [undefined] to bool
[33m  WARN[97m scene[0m: file:///home/bolt/.config/noctalia/plugins/agent-quota/Panel.qml?v=0[467:41]: Unable to assign [undefined] to bool
[33m  WARN[97m scene[0m: file:///home/bolt/.config/noctalia/plugins/agent-quota/Panel.qml?v=0[477:37]: Unable to assign [undefined] to bool
[33m  WARN[97m scene[0m: file:///home/bolt/.config/noctalia/plugins/agent-quota/Panel.qml?v=0[574:41]: Unable to assign [undefined] to bool
[33m  WARN[97m scene[0m: file:///home/bolt/.config/noctalia/plugins/agent-quota/Panel.qml?v=0[637:41]: Unable to assign [undefined] to bool
[33m  WARN[97m scene[0m: file:///home/bolt/.config/noctalia/plugins/agent-quota/Panel.qml?v=0[319:41]: Unable to assign [undefined] to bool
[33m  WARN[97m scene[0m: file:///home/bolt/.config/noctalia/plugins/agent-quota/Panel.qml?v=0[467:41]: Unable to assign [undefined] to bool
[33m  WARN[97m scene[0m: file:///home/bolt/.config/noctalia/plugins/agent-quota/Panel.qml?v=0[477:37]: Unable to assign [undefined] to bool
[33m  WARN[97m scene[0m: file:///home/bolt/.config/noctalia/plugins/agent-quota/Panel.qml?v=0[467:41]: Unable to assign [undefined] to bool
[33m  WARN[97m scene[0m: file:///home/bolt/.config/noctalia/plugins/agent-quota/Panel.qml?v=0[477:37]: Unable to assign [undefined] to bool
[32m  INFO[97m qml[0m: [36m[20260304-225711][0m [35mPluginPanelSlo[0m Loading panel for plugin: agent-quota in slot 1
[32m  INFO[97m qml[0m: [36m[20260304-225711][0m [35mPluginPanelSlo[0m Panel loaded for: agent-quota
[33m  WARN[97m scene[0m: file:///home/bolt/.config/noctalia/plugins/agent-quota/Panel.qml?v=0[467:41]: Unable to assign [undefined] to bool
[33m  WARN[97m scene[0m: file:///home/bolt/.config/noctalia/plugins/agent-quota/Panel.qml?v=0[477:37]: Unable to assign [undefined] to bool
[33m  WARN[97m scene[0m: file:///home/bolt/.config/noctalia/plugins/agent-quota/Panel.qml?v=0[319:41]: Unable to assign [undefined] to bool
[33m  WARN[97m scene[0m: file:///home/bolt/.config/noctalia/plugins/agent-quota/Panel.qml?v=0[467:41]: Unable to assign [undefined] to bool
[33m  WARN[97m scene[0m: file:///home/bolt/.config/noctalia/plugins/agent-quota/Panel.qml?v=0[477:37]: Unable to assign [undefined] to bool
[33m  WARN[97m scene[0m: file:///home/bolt/.config/noctalia/plugins/agent-quota/Panel.qml?v=0[574:41]: Unable to assign [undefined] to bool
[33m  WARN[97m scene[0m: file:///home/bolt/.config/noctalia/plugins/agent-quota/Panel.qml?v=0[637:41]: Unable to assign [undefined] to bool
[33m  WARN[97m scene[0m: file:///home/bolt/.config/noctalia/plugins/agent-quota/Panel.qml?v=0[319:41]: Unable to assign [undefined] to bool
[33m  WARN[97m scene[0m: file:///home/bolt/.config/noctalia/plugins/agent-quota/Panel.qml?v=0[467:41]: Unable to assign [undefined] to bool
[33m  WARN[97m scene[0m: file:///home/bolt/.config/noctalia/plugins/agent-quota/Panel.qml?v=0[477:37]: Unable to assign [undefined] to bool
[33m  WARN[97m scene[0m: file:///home/bolt/.config/noctalia/plugins/agent-quota/Panel.qml?v=0[467:41]: Unable to assign [undefined] to bool
[33m  WARN[97m scene[0m: file:///home/bolt/.config/noctalia/plugins/agent-quota/Panel.qml?v=0[477:37]: Unable to assign [undefined] to bool
[32m  INFO[97m qml[0m: [36m[20260304-230240][0m [35mPluginPanelSlo[0m Loading panel for plugin: agent-quota in slot 1
[32m  INFO[97m qml[0m: [36m[20260304-230240][0m [35mPluginPanelSlo[0m Panel loaded for: agent-quota
[33m  WARN[97m scene[0m: file:///home/bolt/.config/noctalia/plugins/agent-quota/Panel.qml?v=0[467:41]: Unable to assign [undefined] to bool
[33m  WARN[97m scene[0m: file:///home/bolt/.config/noctalia/plugins/agent-quota/Panel.qml?v=0[477:37]: Unable to assign [undefined] to bool
[33m  WARN[97m scene[0m: file:///home/bolt/.config/noctalia/plugins/agent-quota/Panel.qml?v=0[319:41]: Unable to assign [undefined] to bool
[33m  WARN[97m scene[0m: file:///home/bolt/.config/noctalia/plugins/agent-quota/Panel.qml?v=0[467:41]: Unable to assign [undefined] to bool
[33m  WARN[97m scene[0m: file:///home/bolt/.config/noctalia/plugins/agent-quota/Panel.qml?v=0[477:37]: Unable to assign [undefined] to bool
[33m  WARN[97m scene[0m: file:///home/bolt/.config/noctalia/plugins/agent-quota/Panel.qml?v=0[574:41]: Unable to assign [undefined] to bool
[33m  WARN[97m scene[0m: file:///home/bolt/.config/noctalia/plugins/agent-quota/Panel.qml?v=0[637:41]: Unable to assign [undefined] to bool
[33m  WARN[97m scene[0m: file:///home/bolt/.config/noctalia/plugins/agent-quota/Panel.qml?v=0[319:41]: Unable to assign [undefined] to bool
[33m  WARN[97m scene[0m: file:///home/bolt/.config/noctalia/plugins/agent-quota/Panel.qml?v=0[467:41]: Unable to assign [undefined] to bool
[33m  WARN[97m scene[0m: file:///home/bolt/.config/noctalia/plugins/agent-quota/Panel.qml?v=0[477:37]: Unable to assign [undefined] to bool
[33m  WARN[97m scene[0m: file:///home/bolt/.config/noctalia/plugins/agent-quota/Panel.qml?v=0[467:41]: Unable to assign [undefined] to bool
[33m  WARN[97m scene[0m: file:///home/bolt/.config/noctalia/plugins/agent-quota/Panel.qml?v=0[477:37]: Unable to assign [undefined] to bool
[32m  INFO[97m qml[0m: [36m[20260304-231129][0m [35mPluginPanelSlo[0m Loading panel for plugin: agent-quota in slot 1
[32m  INFO[97m qml[0m: [36m[20260304-231129][0m [35mPluginPanelSlo[0m Panel loaded for: agent-quota
[33m  WARN[97m scene[0m: file:///home/bolt/.config/noctalia/plugins/agent-quota/Panel.qml?v=0[467:41]: Unable to assign [undefined] to bool
[33m  WARN[97m scene[0m: file:///home/bolt/.config/noctalia/plugins/agent-quota/Panel.qml?v=0[477:37]: Unable to assign [undefined] to bool
[33m  WARN[97m scene[0m: file:///home/bolt/.config/noctalia/plugins/agent-quota/Panel.qml?v=0[319:41]: Unable to assign [undefined] to bool
[33m  WARN[97m scene[0m: file:///home/bolt/.config/noctalia/plugins/agent-quota/Panel.qml?v=0[467:41]: Unable to assign [undefined] to bool
[33m  WARN[97m scene[0m: file:///home/bolt/.config/noctalia/plugins/agent-quota/Panel.qml?v=0[477:37]: Unable to assign [undefined] to bool
[33m  WARN[97m scene[0m: file:///home/bolt/.config/noctalia/plugins/agent-quota/Panel.qml?v=0[574:41]: Unable to assign [undefined] to bool
[33m  WARN[97m scene[0m: file:///home/bolt/.config/noctalia/plugins/agent-quota/Panel.qml?v=0[637:41]: Unable to assign [undefined] to bool
[32m  INFO[97m qml[0m: [36m[20260304-232047][0m [35mPluginPanelSlo[0m Loading panel for plugin: agent-quota in slot 1
[32m  INFO[97m qml[0m: [36m[20260304-232047][0m [35mPluginPanelSlo[0m Panel loaded for: agent-quota
[33m  WARN[97m scene[0m: file:///home/bolt/.config/noctalia/plugins/agent-quota/Panel.qml?v=0[467:41]: Unable to assign [undefined] to bool
[33m  WARN[97m scene[0m: file:///home/bolt/.config/noctalia/plugins/agent-quota/Panel.qml?v=0[477:37]: Unable to assign [undefined] to bool
[33m  WARN[97m scene[0m: file:///home/bolt/.config/noctalia/plugins/agent-quota/Panel.qml?v=0[319:41]: Unable to assign [undefined] to bool
[33m  WARN[97m scene[0m: file:///home/bolt/.config/noctalia/plugins/agent-quota/Panel.qml?v=0[467:41]: Unable to assign [undefined] to bool
[33m  WARN[97m scene[0m: file:///home/bolt/.config/noctalia/plugins/agent-quota/Panel.qml?v=0[477:37]: Unable to assign [undefined] to bool
[33m  WARN[97m scene[0m: file:///home/bolt/.config/noctalia/plugins/agent-quota/Panel.qml?v=0[574:41]: Unable to assign [undefined] to bool
[33m  WARN[97m scene[0m: file:///home/bolt/.config/noctalia/plugins/agent-quota/Panel.qml?v=0[637:41]: Unable to assign [undefined] to bool
[33m  WARN[97m scene[0m: file:///home/bolt/.config/noctalia/plugins/agent-quota/Panel.qml?v=0[319:41]: Unable to assign [undefined] to bool
[33m  WARN[97m scene[0m: file:///home/bolt/.config/noctalia/plugins/agent-quota/Panel.qml?v=0[467:41]: Unable to assign [undefined] to bool
[33m  WARN[97m scene[0m: file:///home/bolt/.config/noctalia/plugins/agent-quota/Panel.qml?v=0[477:37]: Unable to assign [undefined] to bool
[33m  WARN[97m scene[0m: file:///home/bolt/.config/noctalia/plugins/agent-quota/Panel.qml?v=0[467:41]: Unable to assign [undefined] to bool
[33m  WARN[97m scene[0m: file:///home/bolt/.config/noctalia/plugins/agent-quota/Panel.qml?v=0[477:37]: Unable to assign [undefined] to bool
[32m  INFO[97m qml[0m: [36m[20260304-232637][0m [35mPluginPanelSlo[0m Loading panel for plugin: agent-quota in slot 1
[32m  INFO[97m qml[0m: [36m[20260304-232637][0m [35mPluginPanelSlo[0m Panel loaded for: agent-quota
[33m  WARN[97m scene[0m: file:///home/bolt/.config/noctalia/plugins/agent-quota/Panel.qml?v=0[467:41]: Unable to assign [undefined] to bool
[33m  WARN[97m scene[0m: file:///home/bolt/.config/noctalia/plugins/agent-quota/Panel.qml?v=0[477:37]: Unable to assign [undefined] to bool
[33m  WARN[97m scene[0m: file:///home/bolt/.config/noctalia/plugins/agent-quota/Panel.qml?v=0[319:41]: Unable to assign [undefined] to bool
[33m  WARN[97m scene[0m: file:///home/bolt/.config/noctalia/plugins/agent-quota/Panel.qml?v=0[467:41]: Unable to assign [undefined] to bool
[33m  WARN[97m scene[0m: file:///home/bolt/.config/noctalia/plugins/agent-quota/Panel.qml?v=0[477:37]: Unable to assign [undefined] to bool
[33m  WARN[97m scene[0m: file:///home/bolt/.config/noctalia/plugins/agent-quota/Panel.qml?v=0[574:41]: Unable to assign [undefined] to bool
[33m  WARN[97m scene[0m: file:///home/bolt/.config/noctalia/plugins/agent-quota/Panel.qml?v=0[637:41]: Unable to assign [undefined] to bool
[33m  WARN[97m scene[0m: file:///home/bolt/.config/noctalia/plugins/agent-quota/Panel.qml?v=0[319:41]: Unable to assign [undefined] to bool
[33m  WARN[97m scene[0m: file:///home/bolt/.config/noctalia/plugins/agent-quota/Panel.qml?v=0[467:41]: Unable to assign [undefined] to bool
[33m  WARN[97m scene[0m: file:///home/bolt/.config/noctalia/plugins/agent-quota/Panel.qml?v=0[477:37]: Unable to assign [undefined] to bool
[33m  WARN[97m scene[0m: file:///home/bolt/.config/noctalia/plugins/agent-quota/Panel.qml?v=0[467:41]: Unable to assign [undefined] to bool
[33m  WARN[97m scene[0m: file:///home/bolt/.config/noctalia/plugins/agent-quota/Panel.qml?v=0[477:37]: Unable to assign [undefined] to bool
[33m  WARN[97m qt.svg[0m: /usr/share/icons/hicolor/scalable/apps/btop.svg:111:6: Could not resolve property: #pattern1888
[33m  WARN[97m qt.svg[0m: /usr/share/icons/hicolor/scalable/apps/btop.svg:111:6: Could not resolve property: #pattern1870
[33m  WARN[97m qt.svg[0m: /usr/share/icons/hicolor/scalable/apps/btop.svg:111:6: Could not resolve property: #pattern1888
[33m  WARN[97m qt.svg[0m: /usr/share/icons/hicolor/scalable/apps/btop.svg:111:6: Could not resolve property: #pattern1870
[33m  WARN[97m qt.svg[0m: /usr/share/pixmaps/Alacritty.svg:444:273: Could not resolve property: #linearGradient10962
[33m  WARN[97m quickshell.dbus.properties[0m: Error updating property :1.207/StatusNotifierItem/org.kde.StatusNotifierItem:IconName
[33m  WARN[97m quickshell.dbus.properties[0m: QDBusError("org.freedesktop.DBus.Error.Failed", "error occurred in Get")
[32m  INFO[97m qml[0m: [36m[20260304-233354][0m [35mPluginPanelSlo[0m Loading panel for plugin: agent-quota in slot 1
[32m  INFO[97m qml[0m: [36m[20260304-233354][0m [35mPluginPanelSlo[0m Panel loaded for: agent-quota
[33m  WARN[97m scene[0m: file:///home/bolt/.config/noctalia/plugins/agent-quota/Panel.qml?v=0[467:41]: Unable to assign [undefined] to bool
[33m  WARN[97m scene[0m: file:///home/bolt/.config/noctalia/plugins/agent-quota/Panel.qml?v=0[477:37]: Unable to assign [undefined] to bool
[33m  WARN[97m scene[0m: file:///home/bolt/.config/noctalia/plugins/agent-quota/Panel.qml?v=0[319:41]: Unable to assign [undefined] to bool
[33m  WARN[97m scene[0m: file:///home/bolt/.config/noctalia/plugins/agent-quota/Panel.qml?v=0[467:41]: Unable to assign [undefined] to bool
[33m  WARN[97m scene[0m: file:///home/bolt/.config/noctalia/plugins/agent-quota/Panel.qml?v=0[477:37]: Unable to assign [undefined] to bool
[33m  WARN[97m scene[0m: file:///home/bolt/.config/noctalia/plugins/agent-quota/Panel.qml?v=0[574:41]: Unable to assign [undefined] to bool
[33m  WARN[97m scene[0m: file:///home/bolt/.config/noctalia/plugins/agent-quota/Panel.qml?v=0[637:41]: Unable to assign [undefined] to bool
[33m  WARN[97m scene[0m: file:///home/bolt/.config/noctalia/plugins/agent-quota/Panel.qml?v=0[319:41]: Unable to assign [undefined] to bool
[33m  WARN[97m scene[0m: file:///home/bolt/.config/noctalia/plugins/agent-quota/Panel.qml?v=0[467:41]: Unable to assign [undefined] to bool
[33m  WARN[97m scene[0m: file:///home/bolt/.config/noctalia/plugins/agent-quota/Panel.qml?v=0[477:37]: Unable to assign [undefined] to bool
[33m  WARN[97m scene[0m: file:///home/bolt/.config/noctalia/plugins/agent-quota/Panel.qml?v=0[467:41]: Unable to assign [undefined] to bool
[33m  WARN[97m scene[0m: file:///home/bolt/.config/noctalia/plugins/agent-quota/Panel.qml?v=0[477:37]: Unable to assign [undefined] to bool
[32m  INFO[97m qml[0m: [36m[20260305-000640][0m [35mPluginPanelSlo[0m Loading panel for plugin: agent-quota in slot 1
[32m  INFO[97m qml[0m: [36m[20260305-000640][0m [35mPluginPanelSlo[0m Panel loaded for: agent-quota
[33m  WARN[97m scene[0m: file:///home/bolt/.config/noctalia/plugins/agent-quota/Panel.qml?v=0[467:41]: Unable to assign [undefined] to bool
[33m  WARN[97m scene[0m: file:///home/bolt/.config/noctalia/plugins/agent-quota/Panel.qml?v=0[477:37]: Unable to assign [undefined] to bool
[33m  WARN[97m scene[0m: file:///home/bolt/.config/noctalia/plugins/agent-quota/Panel.qml?v=0[319:41]: Unable to assign [undefined] to bool
[33m  WARN[97m scene[0m: file:///home/bolt/.config/noctalia/plugins/agent-quota/Panel.qml?v=0[467:41]: Unable to assign [undefined] to bool
[33m  WARN[97m scene[0m: file:///home/bolt/.config/noctalia/plugins/agent-quota/Panel.qml?v=0[477:37]: Unable to assign [undefined] to bool
[33m  WARN[97m scene[0m: file:///home/bolt/.config/noctalia/plugins/agent-quota/Panel.qml?v=0[574:41]: Unable to assign [undefined] to bool
[33m  WARN[97m scene[0m: file:///home/bolt/.config/noctalia/plugins/agent-quota/Panel.qml?v=0[637:41]: Unable to assign [undefined] to bool
[33m  WARN[97m scene[0m: file:///home/bolt/.config/noctalia/plugins/agent-quota/Panel.qml?v=0[319:41]: Unable to assign [undefined] to bool
[33m  WARN[97m scene[0m: file:///home/bolt/.config/noctalia/plugins/agent-quota/Panel.qml?v=0[467:41]: Unable to assign [undefined] to bool
[33m  WARN[97m scene[0m: file:///home/bolt/.config/noctalia/plugins/agent-quota/Panel.qml?v=0[477:37]: Unable to assign [undefined] to bool
[33m  WARN[97m scene[0m: file:///home/bolt/.config/noctalia/plugins/agent-quota/Panel.qml?v=0[467:41]: Unable to assign [undefined] to bool
[33m  WARN[97m scene[0m: file:///home/bolt/.config/noctalia/plugins/agent-quota/Panel.qml?v=0[477:37]: Unable to assign [undefined] to bool
[32m  INFO[97m qml[0m: [36m[20260305-000645][0m [35mPluginPanelSlo[0m Loading panel for plugin: agent-quota in slot 1
[32m  INFO[97m qml[0m: [36m[20260305-000645][0m [35mPluginPanelSlo[0m Panel loaded for: agent-quota
[33m  WARN[97m scene[0m: file:///home/bolt/.config/noctalia/plugins/agent-quota/Panel.qml?v=0[467:41]: Unable to assign [undefined] to bool
[33m  WARN[97m scene[0m: file:///home/bolt/.config/noctalia/plugins/agent-quota/Panel.qml?v=0[477:37]: Unable to assign [undefined] to bool
[33m  WARN[97m scene[0m: file:///home/bolt/.config/noctalia/plugins/agent-quota/Panel.qml?v=0[319:41]: Unable to assign [undefined] to bool
[33m  WARN[97m scene[0m: file:///home/bolt/.config/noctalia/plugins/agent-quota/Panel.qml?v=0[467:41]: Unable to assign [undefined] to bool
[33m  WARN[97m scene[0m: file:///home/bolt/.config/noctalia/plugins/agent-quota/Panel.qml?v=0[477:37]: Unable to assign [undefined] to bool
[33m  WARN[97m scene[0m: file:///home/bolt/.config/noctalia/plugins/agent-quota/Panel.qml?v=0[574:41]: Unable to assign [undefined] to bool
[33m  WARN[97m scene[0m: file:///home/bolt/.config/noctalia/plugins/agent-quota/Panel.qml?v=0[637:41]: Unable to assign [undefined] to bool
[33m  WARN[97m scene[0m: file:///home/bolt/.config/noctalia/plugins/agent-quota/Panel.qml?v=0[319:41]: Unable to assign [undefined] to bool
[33m  WARN[97m scene[0m: file:///home/bolt/.config/noctalia/plugins/agent-quota/Panel.qml?v=0[467:41]: Unable to assign [undefined] to bool
[33m  WARN[97m scene[0m: file:///home/bolt/.config/noctalia/plugins/agent-quota/Panel.qml?v=0[477:37]: Unable to assign [undefined] to bool
[33m  WARN[97m scene[0m: file:///home/bolt/.config/noctalia/plugins/agent-quota/Panel.qml?v=0[467:41]: Unable to assign [undefined] to bool
[33m  WARN[97m scene[0m: file:///home/bolt/.config/noctalia/plugins/agent-quota/Panel.qml?v=0[477:37]: Unable to assign [undefined] to bool
